sys:1: FutureWarning: In a future version of pandas all arguments of read_csv except for the argument 'filepath_or_buffer' will be keyword-only
WARNING:tensorflow:From Whitemodel.py:64: The name tf.reset_default_graph is deprecated. Please use tf.compat.v1.reset_default_graph instead.

(3961, 3)
(3845, 1)
(3845, 3)
2022-04-06 13:54:34.213350: I tensorflow/core/platform/cpu_feature_guard.cc:145] This TensorFlow binary is optimized with Intel(R) MKL-DNN to use the following CPU instructions in performance critical operations:  SSE4.1 SSE4.2 AVX AVX2 FMA
To enable them in non-MKL-DNN operations, rebuild TensorFlow with the appropriate compiler flags.
2022-04-06 13:54:34.214675: I tensorflow/core/common_runtime/process_util.cc:115] Creating new thread pool with default inter op setting: 4. Tune using inter_op_parallelism_threads for best performance.
   sulphates   alcohol        pH
0   0.267442  0.129032  0.254545
1   0.313953  0.241935  0.527273
2   0.255814  0.338710  0.490909
3   0.209302  0.306452  0.427273
4   0.290698  0.258065  0.418182
5   0.267442  0.483871  0.454545
6   0.395349  0.645161  0.245455
7   0.360465  0.274194  0.381818
8   0.476744  0.451613  0.418182
9   0.348837  0.709677  0.745455
# 0 Cost:  32.157898
# 1000 Cost:  18.278303
# 2000 Cost:  10.559107
# 3000 Cost:  6.265672
# 4000 Cost:  3.8772922
# 5000 Cost:  2.5483098
WARNING:tensorflow:From /Applications/Utilities/anaconda3/envs/wineregression/lib/python3.7/site-packages/tensorflow_core/python/training/saver.py:963: remove_checkpoint (from tensorflow.python.training.checkpoint_management) is deprecated and will be removed in a future version.
Instructions for updating:
Use standard file APIs to delete files with this prefix.
# 6000 Cost:  1.8084564
# 7000 Cost:  1.3962214
# 8000 Cost:  1.1661812
# 9000 Cost:  1.0374614
# 10000 Cost:  0.96509236
# 11000 Cost:  0.9240642
# 12000 Cost:  0.90046936
# 13000 Cost:  0.88657415
# 14000 Cost:  0.87807775
# 15000 Cost:  0.87258923
# 16000 Cost:  0.86877793
# 17000 Cost:  0.86590475
# 18000 Cost:  0.8635572
# 19000 Cost:  0.86150795
# 20000 Cost:  0.8596273
# 21000 Cost:  0.85784745
# 22000 Cost:  0.8561301
# 23000 Cost:  0.8544446
# 24000 Cost:  0.85279727
# 25000 Cost:  0.8511571
# 26000 Cost:  0.84952915
# 27000 Cost:  0.8479186
# 28000 Cost:  0.8463235
# 29000 Cost:  0.84473246
# 30000 Cost:  0.8431505
# 31000 Cost:  0.84157276
# 32000 Cost:  0.84001017
# 33000 Cost:  0.8384752
# 34000 Cost:  0.83696043
# 35000 Cost:  0.83545023
# 36000 Cost:  0.83394533
# 37000 Cost:  0.83244497
# 38000 Cost:  0.83094996
# 39000 Cost:  0.8294597
# 40000 Cost:  0.82797474
# 41000 Cost:  0.8265036
# 42000 Cost:  0.82505715
# 43000 Cost:  0.8236239
# 44000 Cost:  0.8221961
# 45000 Cost:  0.820772
# 46000 Cost:  0.81935334
# 47000 Cost:  0.8179404
# 48000 Cost:  0.81654286
# 49000 Cost:  0.81515074
# 50000 Cost:  0.8137633
# 51000 Cost:  0.81239665
# 52000 Cost:  0.81104815
# 53000 Cost:  0.80970764
# 54000 Cost:  0.8083715
# 55000 Cost:  0.80703974
# 56000 Cost:  0.80571234
# 57000 Cost:  0.8043904
# 58000 Cost:  0.80307776
# 59000 Cost:  0.80178803
# 60000 Cost:  0.80050427
# 61000 Cost:  0.79922426
# 62000 Cost:  0.7979487
# 63000 Cost:  0.7966771
# 64000 Cost:  0.7954119
# 65000 Cost:  0.7941571
# 66000 Cost:  0.79291415
# 67000 Cost:  0.79167646
# 68000 Cost:  0.7904604
# 69000 Cost:  0.7892515
# 70000 Cost:  0.78804666
# 71000 Cost:  0.786848
# 72000 Cost:  0.78565675
# 73000 Cost:  0.78446966
# 74000 Cost:  0.78328633
# 75000 Cost:  0.78210664
# 76000 Cost:  0.78093094
# 77000 Cost:  0.77977574
# 78000 Cost:  0.7786267
# 79000 Cost:  0.7774823
# 80000 Cost:  0.7763547
# 81000 Cost:  0.77523386
# 82000 Cost:  0.77411705
# 83000 Cost:  0.7730036
# 84000 Cost:  0.7718939
# 85000 Cost:  0.77079153
# 86000 Cost:  0.76971436
# 87000 Cost:  0.7686395
# 88000 Cost:  0.76756907
# 89000 Cost:  0.76650167
# 90000 Cost:  0.765438
# 91000 Cost:  0.7643774
# 92000 Cost:  0.76332074
# 93000 Cost:  0.76226753
# 94000 Cost:  0.761219
# 95000 Cost:  0.7601796
# 96000 Cost:  0.75916135
# 97000 Cost:  0.7581565
# 98000 Cost:  0.75715524
# 99000 Cost:  0.75615937
# 100000 Cost:  0.7551669
# 101000 Cost:  0.7541778
# 102000 Cost:  0.7531963
# 103000 Cost:  0.75221807
# 104000 Cost:  0.751243
# 105000 Cost:  0.7502706
# 106000 Cost:  0.7493068
# 107000 Cost:  0.748357
# 108000 Cost:  0.74741036
# 109000 Cost:  0.74647886
# 110000 Cost:  0.7455512
# 111000 Cost:  0.7446305
# 112000 Cost:  0.74371487
# 113000 Cost:  0.7428016
# 114000 Cost:  0.7418915
# 115000 Cost:  0.74098456
# 116000 Cost:  0.74009013
# 117000 Cost:  0.73920566
# 118000 Cost:  0.73832405
# 119000 Cost:  0.7374498
# 120000 Cost:  0.7365788
# 121000 Cost:  0.7357109
# 122000 Cost:  0.7348457
# 123000 Cost:  0.73398876
# 124000 Cost:  0.7331364
# 125000 Cost:  0.73228705
# 126000 Cost:  0.7314404
# 127000 Cost:  0.7306052
# 128000 Cost:  0.729788
# 129000 Cost:  0.7289738
# 130000 Cost:  0.72816235
# 131000 Cost:  0.72735316
# 132000 Cost:  0.72654665
# 133000 Cost:  0.72574276
# 134000 Cost:  0.7249413
# 135000 Cost:  0.72414374
# 136000 Cost:  0.72335243
# 137000 Cost:  0.7225637
# 138000 Cost:  0.72178644
# 139000 Cost:  0.7210188
# 140000 Cost:  0.7202531
# 141000 Cost:  0.719496
# 142000 Cost:  0.7187431
# 143000 Cost:  0.7179928
# 144000 Cost:  0.71724445
# 145000 Cost:  0.71650213
# 146000 Cost:  0.7157655
# 147000 Cost:  0.7150315
# 148000 Cost:  0.71429956
# 149000 Cost:  0.71358263
# 150000 Cost:  0.7128712
# 151000 Cost:  0.7121617
# 152000 Cost:  0.71145445
# 153000 Cost:  0.7107534
# 154000 Cost:  0.7100552
# 155000 Cost:  0.7093595
# 156000 Cost:  0.7086661
# 157000 Cost:  0.7079751
# 158000 Cost:  0.70728606
# 159000 Cost:  0.7065995
# 160000 Cost:  0.70591515
# 161000 Cost:  0.7052375
# 162000 Cost:  0.70457625
# 163000 Cost:  0.70392025
# 164000 Cost:  0.7032714
# 165000 Cost:  0.7026259
# 166000 Cost:  0.7019826
# 167000 Cost:  0.7013415
# 168000 Cost:  0.700702
# 169000 Cost:  0.7000667
# 170000 Cost:  0.6994336
# 171000 Cost:  0.6988021
# 172000 Cost:  0.69817334
# 173000 Cost:  0.69755316
# 174000 Cost:  0.69694465
# 175000 Cost:  0.6963382
# 176000 Cost:  0.6957334
# 177000 Cost:  0.6951307
# 178000 Cost:  0.69452953
# 179000 Cost:  0.6939343
# 180000 Cost:  0.69334364
# 181000 Cost:  0.6927591
# 182000 Cost:  0.6921765
# 183000 Cost:  0.6915962
# 184000 Cost:  0.69102067
# 185000 Cost:  0.6904479
# 186000 Cost:  0.6898796
# 187000 Cost:  0.689324
# 188000 Cost:  0.68877023
# 189000 Cost:  0.68821836
# 190000 Cost:  0.68766814
# 191000 Cost:  0.6871199
# 192000 Cost:  0.6865736
# 193000 Cost:  0.6860288
# 194000 Cost:  0.68548566
# 195000 Cost:  0.684945
# 196000 Cost:  0.68440986
# 197000 Cost:  0.6838764
# 198000 Cost:  0.68334985
# 199000 Cost:  0.6828253
# 200000 Cost:  0.6823029
# 201000 Cost:  0.6817941
# 202000 Cost:  0.68128973
# 203000 Cost:  0.68078744
# 204000 Cost:  0.68028635
# 205000 Cost:  0.67978746
# 206000 Cost:  0.67929363
# 207000 Cost:  0.67880106
# 208000 Cost:  0.6783104
# 209000 Cost:  0.6778211
# 210000 Cost:  0.67733353
# 211000 Cost:  0.67684764
# 212000 Cost:  0.67636317
# 213000 Cost:  0.6758802
# 214000 Cost:  0.67540425
# 215000 Cost:  0.67493165
# 216000 Cost:  0.67445946
# 217000 Cost:  0.673989
# 218000 Cost:  0.6735204
# 219000 Cost:  0.6730591
# 220000 Cost:  0.67260545
# 221000 Cost:  0.67215645
# 222000 Cost:  0.6717092
# 223000 Cost:  0.6712633
# 224000 Cost:  0.6708187
# 225000 Cost:  0.6703778
# 226000 Cost:  0.6699429
# 227000 Cost:  0.66951007
# 228000 Cost:  0.6690799
# 229000 Cost:  0.66865367
# 230000 Cost:  0.6682286
# 231000 Cost:  0.667805
# 232000 Cost:  0.667386
# 233000 Cost:  0.6669712
# 234000 Cost:  0.6665572
# 235000 Cost:  0.6661449
# 236000 Cost:  0.665734
# 237000 Cost:  0.66532433
# 238000 Cost:  0.66491574
# 239000 Cost:  0.6645086
# 240000 Cost:  0.66410315
# 241000 Cost:  0.6637044
# 242000 Cost:  0.6633069
# 243000 Cost:  0.66291165
# 244000 Cost:  0.66252154
# 245000 Cost:  0.66213626
# 246000 Cost:  0.6617522
# 247000 Cost:  0.6613691
# 248000 Cost:  0.6609875
# 249000 Cost:  0.6606132
# 250000 Cost:  0.66024023
# 251000 Cost:  0.6598689
# 252000 Cost:  0.65949875
# 253000 Cost:  0.65913147
# 254000 Cost:  0.65876824
# 255000 Cost:  0.65840614
# 256000 Cost:  0.6580503
# 257000 Cost:  0.65769565
# 258000 Cost:  0.6573424
# 259000 Cost:  0.65698993
# 260000 Cost:  0.6566389
# 261000 Cost:  0.6562886
# 262000 Cost:  0.6559399
# 263000 Cost:  0.6555922
# 264000 Cost:  0.65524817
# 265000 Cost:  0.65490794
# 266000 Cost:  0.6545686
# 267000 Cost:  0.65423125
# 268000 Cost:  0.65389746
# 269000 Cost:  0.6535647
# 270000 Cost:  0.65323293
# 271000 Cost:  0.65290564
# 272000 Cost:  0.65257984
# 273000 Cost:  0.6522551
# 274000 Cost:  0.65193486
# 275000 Cost:  0.6516206
# 276000 Cost:  0.65130836
# 277000 Cost:  0.6509968
# 278000 Cost:  0.6506864
# 279000 Cost:  0.65037715
# 280000 Cost:  0.6500686
# 281000 Cost:  0.6497612
# 282000 Cost:  0.6494564
# 283000 Cost:  0.6491589
# 284000 Cost:  0.6488622
# 285000 Cost:  0.6485658
# 286000 Cost:  0.6482703
# 287000 Cost:  0.64797604
# 288000 Cost:  0.6476822
# 289000 Cost:  0.6473898
# 290000 Cost:  0.64709806
# 291000 Cost:  0.6468074
# 292000 Cost:  0.64651763
# 293000 Cost:  0.64622915
# 294000 Cost:  0.6459489
# 295000 Cost:  0.6456716
# 296000 Cost:  0.64539516
# 297000 Cost:  0.6451198
# 298000 Cost:  0.644845
# 299000 Cost:  0.6445721
# 300000 Cost:  0.6443031
