sys:1: FutureWarning: In a future version of pandas all arguments of read_csv except for the argument 'filepath_or_buffer' will be keyword-only
WARNING:tensorflow:From winemodel.py:27: The name tf.reset_default_graph is deprecated. Please use tf.compat.v1.reset_default_graph instead.

     fixed acidity  volatile acidity  citric acid  ...  sulphates  alcohol  quality
0              7.4             0.700         0.00  ...       0.56      9.4        5
1              7.8             0.880         0.00  ...       0.68      9.8        5
2              7.8             0.760         0.04  ...       0.65      9.8        5
3             11.2             0.280         0.56  ...       0.58      9.8        6
4              7.4             0.700         0.00  ...       0.56      9.4        5
..             ...               ...          ...  ...        ...      ...      ...
475            9.6             0.680         0.24  ...       0.60     10.2        5
476            9.3             0.270         0.41  ...       0.70      9.7        5
477           10.4             0.240         0.49  ...       1.06     11.0        6
478            9.6             0.680         0.24  ...       0.60     10.2        5
479            9.4             0.685         0.11  ...       0.70     10.1        6

[480 rows x 12 columns]
      fixed acidity  volatile acidity  citric acid  ...  sulphates  alcohol  quality
480            10.6             0.280         0.39  ...       0.66      9.2        5
481             9.4             0.300         0.56  ...       0.92     11.7        8
482            10.6             0.360         0.59  ...       1.05      9.4        5
483            10.6             0.360         0.60  ...       1.06      9.4        5
484            10.6             0.440         0.68  ...       0.66     13.4        6
...             ...               ...          ...  ...        ...      ...      ...
1594            6.2             0.600         0.08  ...       0.58     10.5        5
1595            5.9             0.550         0.10  ...       0.76     11.2        6
1596            6.3             0.510         0.13  ...       0.75     11.0        6
1597            5.9             0.645         0.12  ...       0.71     10.2        5
1598            6.0             0.310         0.47  ...       0.66     11.0        6

[1119 rows x 12 columns]
4
WARNING:tensorflow:From winemodel.py:91: The name tf.train.exponential_decay is deprecated. Please use tf.compat.v1.train.exponential_decay instead.

2022-04-11 10:03:57.223613: I tensorflow/core/platform/cpu_feature_guard.cc:145] This TensorFlow binary is optimized with Intel(R) MKL-DNN to use the following CPU instructions in performance critical operations:  SSE4.1 SSE4.2 AVX AVX2 FMA
To enable them in non-MKL-DNN operations, rebuild TensorFlow with the appropriate compiler flags.
2022-04-11 10:03:57.223887: I tensorflow/core/common_runtime/process_util.cc:115] Creating new thread pool with default inter op setting: 4. Tune using inter_op_parallelism_threads for best performance.
===============================
# 0 Cost:  28.714462
time : 1649639037.4997911
1
336
train value: [array([[0.00140572]], dtype=float32)]
Real value: quality    6
Name: 1569, dtype: int64
===============================
# 1000 Cost:  0.93000853
time : 0.0021228790283203125
329
336
train value: [array([[5.0667295]], dtype=float32)]
Real value: quality    5
Name: 1232, dtype: int64
===============================
# 2000 Cost:  0.44167802
time : 0.002140045166015625
321
336
train value: [array([[5.8343763]], dtype=float32)]
Real value: quality    6
Name: 1092, dtype: int64
===============================
# 3000 Cost:  0.42684367
time : 0.002134084701538086
313
336
train value: [array([[5.382046]], dtype=float32)]
Real value: quality    5
Name: 1447, dtype: int64
===============================
# 4000 Cost:  0.42547342
time : 0.0021359920501708984
305
336
train value: [array([[5.7836723]], dtype=float32)]
Real value: quality    6
Name: 1424, dtype: int64
===============================
# 5000 Cost:  0.4252489
time : 0.002145051956176758
297
336
train value: [array([[5.0940685]], dtype=float32)]
Real value: quality    5
Name: 753, dtype: int64
===============================
# 6000 Cost:  0.42520812
time : 0.0023369789123535156
289
336
train value: [array([[5.7182307]], dtype=float32)]
Real value: quality    6
Name: 1326, dtype: int64
===============================
# 7000 Cost:  0.42520067
time : 0.0021240711212158203
281
336
train value: [array([[6.0225177]], dtype=float32)]
Real value: quality    6
Name: 1123, dtype: int64
===============================
# 8000 Cost:  0.42519924
time : 0.0021479129791259766
273
336
train value: [array([[6.439022]], dtype=float32)]
Real value: quality    6
Name: 794, dtype: int64
===============================
# 9000 Cost:  0.4251989
time : 0.002157926559448242
265
336
train value: [array([[6.2022266]], dtype=float32)]
Real value: quality    6
Name: 926, dtype: int64
===============================
# 10000 Cost:  0.425199
time : 0.002686023712158203
257
336
train value: [array([[5.1187854]], dtype=float32)]
Real value: quality    5
Name: 766, dtype: int64
예측값 [[5.906606 ]
 [4.77798  ]
 [5.8232803]
 [5.0801854]
 [5.6554337]
 [6.380601 ]
 [5.9060225]
 [5.858033 ]
 [6.0406623]
 [6.41291  ]
 [5.3276834]
 [4.78185  ]
 [5.425151 ]
 [5.494358 ]
 [5.041948 ]
 [5.705053 ]
 [5.2056437]
 [5.6645303]
 [5.3959594]
 [6.444281 ]
 [5.1719084]
 [5.504188 ]
 [5.1612186]
 [6.0687747]
 [4.9384527]
 [4.86527  ]
 [5.245002 ]
 [5.3207326]
 [5.575434 ]
 [6.7117205]
 [5.7168064]
 [6.405514 ]
 [5.795219 ]
 [6.534064 ]
 [5.31029  ]
 [5.2187777]
 [5.2736278]
 [5.797007 ]
 [5.535243 ]
 [5.5865903]
 [6.2870646]
 [5.6780715]
 [6.0818076]
 [5.0079308]
 [6.078859 ]
 [5.5164123]
 [5.304241 ]
 [5.2992644]
 [5.979214 ]
 [6.1011047]
 [6.056734 ]
 [6.3764567]
 [5.552229 ]
 [5.7168064]
 [5.3243904]
 [5.358262 ]
 [6.5097003]
 [6.100046 ]
 [5.0013285]
 [5.1470942]
 [6.4620733]
 [6.1399965]
 [4.5408792]
 [5.5039945]
 [5.1536827]
 [5.625508 ]
 [5.2462955]
 [5.759415 ]
 [6.143461 ]
 [5.422909 ]
 [6.511868 ]
 [5.7136045]
 [5.279683 ]
 [5.2063174]
 [5.7631884]
 [5.242107 ]
 [6.67128  ]
 [5.202604 ]
 [6.048422 ]
 [6.04677  ]
 [6.20775  ]
 [5.445381 ]
 [5.446855 ]
 [5.338216 ]
 [4.8586874]
 [5.741272 ]
 [5.232722 ]
 [6.6452837]
 [5.406027 ]
 [4.9710035]
 [5.240716 ]
 [5.7958093]
 [5.5095057]
 [6.5801916]
 [5.314272 ]
 [5.1540565]
 [6.938058 ]
 [5.1517434]
 [5.2005806]
 [5.878609 ]
 [5.173964 ]
 [5.1047635]
 [5.7156367]
 [5.242108 ]
 [4.9377155]
 [5.3923635]
 [5.5191393]
 [6.5250387]
 [5.32379  ]
 [5.2056437]
 [5.8943243]
 [5.6975417]
 [5.1579065]
 [6.598692 ]
 [5.714061 ]
 [5.364706 ]
 [5.4004045]
 [6.5152674]
 [5.8202715]
 [5.167982 ]
 [5.3894367]
 [5.6386595]
 [5.3146358]
 [5.6848383]
 [5.922911 ]
 [5.563824 ]
 [5.719097 ]
 [5.9614096]
 [4.635245 ]
 [6.1860676]
 [5.0153866]
 [5.2900515]
 [6.386573 ]
 [6.092962 ]
 [5.1091385]
 [5.597569 ]
 [5.2406263]
 [4.9125333]
 [5.1302924]
 [5.264992 ]
 [6.3049855]
 [5.742767 ]
 [4.9290533]
 [4.903499 ]
 [4.9351687]
 [6.04677  ]
 [6.5896645]
 [5.767121 ]
 [6.0154505]
 [5.396735 ]
 [4.1788144]
 [5.4569516]
 [6.370711 ]
 [5.575434 ]
 [5.729804 ]
 [5.993812 ]
 [6.047078 ]
 [5.017952 ]
 [6.046772 ]
 [5.8233094]
 [5.724904 ]
 [4.916645 ]
 [5.577553 ]
 [6.180262 ]
 [7.0583744]
 [5.8444057]
 [5.9976354]
 [6.620801 ]
 [6.8029985]
 [4.76978  ]
 [6.222086 ]
 [6.368296 ]
 [5.454579 ]
 [4.9754176]
 [5.362621 ]
 [5.512722 ]
 [5.9821787]
 [5.1719084]
 [5.717047 ]
 [5.170328 ]
 [5.757658 ]
 [6.16531  ]
 [6.2072625]
 [4.9864597]
 [5.230487 ]
 [5.76882  ]
 [5.331254 ]
 [5.0817404]
 [5.3324633]
 [5.455695 ]
 [5.5100703]
 [5.4569516]
 [6.426317 ]
 [5.469837 ]
 [5.0069795]
 [5.043686 ]
 [5.276306 ]
 [6.0386724]
 [5.634436 ]
 [6.1943703]
 [5.887825 ]
 [6.165763 ]
 [6.2196975]
 [5.9373627]
 [6.5896344]
 [5.9494433]
 [5.211506 ]
 [5.0306044]
 [4.860408 ]
 [6.2140837]
 [5.164297 ]
 [5.798597 ]
 [5.76882  ]
 [5.858033 ]
 [5.8866453]
 [5.4726405]
 [5.3560557]
 [6.0533967]
 [6.118192 ]
 [6.366698 ]
 [5.6570807]
 [6.047078 ]
 [5.6142917]
 [5.554639 ]
 [5.520631 ]
 [5.936844 ]
 [5.40757  ]
 [6.0947876]
 [5.1731515]
 [5.4727383]
 [5.350391 ]
 [6.4742107]
 [5.4624043]
 [6.2288036]
 [5.8854766]
 [5.303452 ]
 [5.32379  ]
 [5.4777412]
 [5.250158 ]
 [6.752609 ]
 [6.411504 ]
 [4.9186983]
 [5.6811423]
 [5.378334 ]
 [4.796632 ]
 [6.141629 ]
 [5.4063487]
 [6.088647 ]
 [6.1503506]
 [4.961685 ]
 [5.230487 ]
 [6.2196975]
 [5.1091385]
 [6.7069693]
 [6.084844 ]
 [6.2326083]
 [5.1187854]
 [5.165363 ]
 [4.8345103]
 [5.1560645]
 [5.665529 ]
 [6.3034015]
 [5.023138 ]
 [6.009804 ]
 [6.2020187]
 [5.454579 ]
 [5.1747727]
 [4.9925017]
 [6.2714424]
 [5.2886376]
 [5.245002 ]
 [5.03222  ]
 [6.439228 ]
 [6.036617 ]
 [5.350651 ]
 [5.887743 ]
 [6.4416885]
 [5.6485953]
 [6.073225 ]
 [5.250804 ]
 [6.022515 ]
 [5.314746 ]
 [6.2248583]
 [6.092013 ]
 [5.352058 ]
 [5.8733516]
 [5.882631 ]
 [5.9789042]
 [5.7168064]
 [5.520631 ]
 [6.0262895]
 [6.269571 ]
 [5.9402323]
 [6.2298846]
 [5.960654 ]
 [6.7106752]
 [5.0918217]
 [5.6645303]
 [5.3233438]
 [6.384805 ]
 [4.2942905]
 [5.702945 ]
 [7.4028296]
 [6.5692487]
 [5.7631884]
 [4.955538 ]
 [5.7197676]
 [5.9272137]
 [5.1669374]
 [5.2281885]
 [5.9458547]
 [5.2739177]
 [5.350522 ]
 [5.4470315]
 [6.1101947]
 [5.0957937]
 [5.202363 ]
 [5.227703 ]
 [6.3711114]
 [6.060096 ]
 [5.895447 ]
 [5.8233094]
 [6.1930985]
 [5.580931 ]
 [6.1545057]
 [4.916645 ]
 [5.147946 ]
 [5.2512665]
 [5.4556375]
 [5.830791 ]
 [5.532537 ]
 [6.705732 ]
 [5.4822307]
 [6.4187655]
 [5.8459983]]
실제값       quality
1569        6
690         3
1102        6
638         7
1115        6
...       ...
1282        6
533         6
830         4
559         6
1272        5

[335 rows x 1 columns]
정확도:  61.791046
red
